Fulicenter201702/lib/pingpp_one/build/outputs/mapping/release/seeds.txt
com.pingplusplus.android.R
com.pingplusplus.android.R: R()
com.pingplusplus.android.R$anim
com.pingplusplus.android.R$anim: int cmbkb_push_bottom_in
com.pingplusplus.android.R$anim: int cmbkb_push_bottom_out
com.pingplusplus.android.R$anim: R$anim()
com.pingplusplus.android.R$anim: void <clinit>()
com.pingplusplus.android.R$attr
com.pingplusplus.android.R$attr: int KeyBoardType
com.pingplusplus.android.R$attr: int Length
com.pingplusplus.android.R$attr: int isPassword
com.pingplusplus.android.R$attr: R$attr()
com.pingplusplus.android.R$attr: void <clinit>()
com.pingplusplus.android.R$color
com.pingplusplus.android.R$color: int cmbkb_black
com.pingplusplus.android.R$color: int cmbkb_blue
com.pingplusplus.android.R$color: int cmbkb_category_divider_color
com.pingplusplus.android.R$color: int cmbkb_category_list_bg
com.pingplusplus.android.R$color: int cmbkb_category_name_gray
com.pingplusplus.android.R$color: int cmbkb_category_text_color
com.pingplusplus.android.R$color: int cmbkb_category_vertival_line
com.pingplusplus.android.R$color: int cmbkb_choose_text_color
com.pingplusplus.android.R$color: int cmbkb_contents_text
com.pingplusplus.android.R$color: int cmbkb_crimson
com.pingplusplus.android.R$color: int cmbkb_dark_red
com.pingplusplus.android.R$color: int cmbkb_encode_view
com.pingplusplus.android.R$color: int cmbkb_font_gray
com.pingplusplus.android.R$color: int cmbkb_font_red
com.pingplusplus.android.R$color: int cmbkb_gray
com.pingplusplus.android.R$color: int cmbkb_help_button_view
com.pingplusplus.android.R$color: int cmbkb_help_view
com.pingplusplus.android.R$color: int cmbkb_light_gray
com.pingplusplus.android.R$color: int cmbkb_lightblack
com.pingplusplus.android.R$color: int cmbkb_limit_buy_border_bg
com.pingplusplus.android.R$color: int cmbkb_limit_buy_green
com.pingplusplus.android.R$color: int cmbkb_limit_buy_text_bg
com.pingplusplus.android.R$color: int cmbkb_limit_buy_title_bg
com.pingplusplus.android.R$color: int cmbkb_limit_buy_title_border_bg
com.pingplusplus.android.R$color: int cmbkb_orange_line
com.pingplusplus.android.R$dimen
com.pingplusplus.android.R$dimen: int activity_horizontal_margin
com.pingplusplus.android.R$dimen: int activity_vertical_margin
com.pingplusplus.android.R$dimen: int cmbkb_key_height
com.pingplusplus.android.R$dimen: int cmbkb_key_height_qwerty
com.pingplusplus.android.R$dimen: R$dimen()
com.pingplusplus.android.R$dimen: void <clinit>()
com.pingplusplus.android.R$drawable
com.pingplusplus.android.R$drawable: int cmbkb_backspace_dark_icon
com.pingplusplus.android.R$drawable: int cmbkb_backspace_icon
com.pingplusplus.android.R$drawable: int cmbkb_bg
com.pingplusplus.android.R$drawable: int cmbkb_btn_keyboard_key
com.pingplusplus.android.R$drawable: int cmbkb_btn_normal
com.pingplusplus.android.R$drawable: int cmbkb_btn_pressed
com.pingplusplus.android.R$drawable: int cmbkb_emotionstore_progresscancelbtn
com.pingplusplus.android.R$drawable: int cmbkb_key_delete_normal
com.pingplusplus.android.R$drawable: int cmbkb_list_separator
com.pingplusplus.android.R$drawable: int cmbkb_logo
com.pingplusplus.android.R$drawable: int cmbkb_shift_actived
com.pingplusplus.android.R$drawable: int cmbkb_shift_dark_normal
com.pingplusplus.android.R$drawable: int cmbkb_shift_normal
com.pingplusplus.android.R$drawable: int cmbkb_space
com.pingplusplus.android.R$drawable: int cmbkb_space_dark
com.pingplusplus.android.R$drawable: int cmbkb_sym_keyboard_space
com.pingplusplus.android.R$drawable: int pingpp_back
com.pingplusplus.android.R$drawable: int tips_bg
com.pingplusplus.android.R$drawable: R$drawable()
com.pingplusplus.android.R$drawable: void <clinit>()