Fulicenter201702/lib/pingpp_one/build/outputs/mapping/release/mapping.txt
com.pingplusplus.libone.R$style -> com.pingplusplus.libone.R$style:
    int AppBaseTheme -> AppBaseTheme
    int AppTheme -> AppTheme
    int CMBAnimBottom -> CMBAnimBottom
    int CmbDialogStyle -> CmbDialogStyle
    int CmbDialogStyleBottom -> CmbDialogStyleBottom
    int CmbDialogStyleBottomDark -> CmbDialogStyleBottomDark
    int CustomPayDialog -> CustomPayDialog
    int mystyle -> mystyle
    void <init>() -> <init>
    void <clinit>() -> <clinit>
com.pingplusplus.libone.R$styleable -> com.pingplusplus.libone.R$styleable:
    int[] CmbEditText -> CmbEditText
    int CmbEditText_KeyBoardType -> CmbEditText_KeyBoardType
    int CmbEditText_Length -> CmbEditText_Length
    int CmbEditText_isPassword -> CmbEditText_isPassword
    int[] ProgressWheel -> ProgressWheel
    int ProgressWheel_matProg_barColor -> ProgressWheel_matProg_barColor
    int ProgressWheel_matProg_barSpinCycleTime -> ProgressWheel_matProg_barSpinCycleTime
    int ProgressWheel_matProg_barWidth -> ProgressWheel_matProg_barWidth
    int ProgressWheel_matProg_circleRadius -> ProgressWheel_matProg_circleRadius
    int ProgressWheel_matProg_fillRadius -> ProgressWheel_matProg_fillRadius
    int ProgressWheel_matProg_linearProgress -> ProgressWheel_matProg_linearProgress
    int ProgressWheel_matProg_progressIndeterminate -> ProgressWheel_matProg_progressIndeterminate
    int ProgressWheel_matProg_rimColor -> ProgressWheel_matProg_rimColor
    int ProgressWheel_matProg_rimWidth -> ProgressWheel_matProg_rimWidth
    int ProgressWheel_matProg_spinSpeed -> ProgressWheel_matProg_spinSpeed
    void <init>() -> <init>
    void <clinit>() -> <clinit>
com.pingplusplus.libone.R$xml -> com.pingplusplus.libone.R$xml:
    int cmbkb_number -> cmbkb_number
    int cmbkb_number_symbols -> cmbkb_number_symbols
    int cmbkb_number_with_change -> cmbkb_number_with_change
    int cmbkb_number_with_dot -> cmbkb_number_with_dot
    int cmbkb_number_with_x -> cmbkb_number_with_x
    int cmbkb_qwerty -> cmbkb_qwerty
    int cmbkb_symbols -> cmbkb_symbols
    void <init>() -> <init>
    void <clinit>() -> <clinit>
com.pingplusplus.libone.a -> com.pingplusplus.libone.a:
    java.lang.String a -> a
    java.lang.String b -> b
    int c -> c
    boolean d -> d
    void <init>() -> <init>
    void <init>(java.lang.String,java.lang.String,int,boolean) -> <init>
    java.lang.String a() -> a
    void a(java.lang.String) -> a
    java.lang.String b() -> b
    void b(java.lang.String) -> b
    int c() -> c
    void a(int) -> a
    void a(boolean) -> a
    int a(com.pingplusplus.libone.a) -> a
    java.lang.String toString() -> toString
    int compareTo(java.lang.Object) -> compareTo
com.pingplusplus.libone.b -> com.pingplusplus.libone.b:
    java.util.List a -> a
    android.content.Context b -> b
    android.view.LayoutInflater c -> c
    void <init>(android.content.Context,java.util.List) -> <init>
    int getCount() -> getCount
    java.lang.Object getItem(int) -> getItem
    long getItemId(int) -> getItemId
    android.view.View getView(int,android.view.View,android.view.ViewGroup) -> getView
    android.content.Context a(com.pingplusplus.libone.b) -> a
com.pingplusplus.libone.b$a -> com.pingplusplus.libone.b$a:
    android.widget.TextView a -> a
    android.widget.ImageView b -> b
    android.view.View c -> c
    com.pingplusplus.libone.b d -> d
    void <init>(com.pingplusplus.libone.b,android.view.View) -> <init>
    android.widget.TextView a() -> a
    android.widget.ImageView b() -> b